[04-May-2025 10:16:05 Europe/Berlin] Attempting to get database connection
[04-May-2025 10:16:47 Europe/Berlin] Attempting to get database connection
[04-May-2025 10:18:12 Europe/Berlin] Attempting to get database connection
[04-May-2025 10:19:05 Europe/Berlin] Attempting to get database connection
[04-May-2025 10:21:03 Europe/Berlin] Attempting to get database connection
[04-May-2025 10:21:04 Europe/Berlin] PHP Warning:  mail(): SMTP server response: 553 We do not relay non-local mail, sorry. in C:\xampp\htdocs\platforme\views\frontoffice\send_invitation.php on line 108
[04-May-2025 10:21:04 Europe/Berlin] Failed to send email to: mahdiabderrahmen8@gmail.com
[04-May-2025 10:21:04 Europe/Berlin] Mail error: mail(): SMTP server response: 553 We do not relay non-local mail, sorry.
[04-May-2025 10:21:07 Europe/Berlin] Attempting to get database connection
[04-May-2025 10:21:07 Europe/Berlin] PHP Warning:  mail(): SMTP server response: 553 We do not relay non-local mail, sorry. in C:\xampp\htdocs\platforme\views\frontoffice\send_invitation.php on line 108
[04-May-2025 10:21:07 Europe/Berlin] Failed to send email to: mahdiabderrahmen8@gmail.com
[04-May-2025 10:21:07 Europe/Berlin] Mail error: mail(): SMTP server response: 553 We do not relay non-local mail, sorry.
[04-May-2025 10:21:07 Europe/Berlin] Attempting to get database connection
[04-May-2025 10:21:08 Europe/Berlin] PHP Warning:  mail(): SMTP server response: 553 We do not relay non-local mail, sorry. in C:\xampp\htdocs\platforme\views\frontoffice\send_invitation.php on line 108
[04-May-2025 10:21:08 Europe/Berlin] Failed to send email to: mahdiabderrahmen8@gmail.com
[04-May-2025 10:21:08 Europe/Berlin] Mail error: mail(): SMTP server response: 553 We do not relay non-local mail, sorry.
[04-May-2025 10:21:08 Europe/Berlin] Attempting to get database connection
[04-May-2025 10:21:09 Europe/Berlin] PHP Warning:  mail(): SMTP server response: 553 We do not relay non-local mail, sorry. in C:\xampp\htdocs\platforme\views\frontoffice\send_invitation.php on line 108
[04-May-2025 10:21:09 Europe/Berlin] Failed to send email to: mahdiabderrahmen8@gmail.com
[04-May-2025 10:21:09 Europe/Berlin] Mail error: mail(): SMTP server response: 553 We do not relay non-local mail, sorry.
[04-May-2025 10:21:09 Europe/Berlin] Attempting to get database connection
[04-May-2025 10:21:09 Europe/Berlin] PHP Warning:  mail(): SMTP server response: 553 We do not relay non-local mail, sorry. in C:\xampp\htdocs\platforme\views\frontoffice\send_invitation.php on line 108
[04-May-2025 10:21:09 Europe/Berlin] Failed to send email to: mahdiabderrahmen8@gmail.com
[04-May-2025 10:21:09 Europe/Berlin] Mail error: mail(): SMTP server response: 553 We do not relay non-local mail, sorry.
[04-May-2025 10:21:10 Europe/Berlin] Attempting to get database connection
[04-May-2025 10:21:10 Europe/Berlin] PHP Warning:  mail(): SMTP server response: 553 We do not relay non-local mail, sorry. in C:\xampp\htdocs\platforme\views\frontoffice\send_invitation.php on line 108
[04-May-2025 10:21:10 Europe/Berlin] Failed to send email to: mahdiabderrahmen8@gmail.com
[04-May-2025 10:21:10 Europe/Berlin] Mail error: mail(): SMTP server response: 553 We do not relay non-local mail, sorry.
[04-May-2025 10:21:15 Europe/Berlin] Attempting to get database connection
[04-May-2025 10:21:15 Europe/Berlin] PHP Warning:  mail(): SMTP server response: 553 We do not relay non-local mail, sorry. in C:\xampp\htdocs\platforme\views\frontoffice\send_invitation.php on line 108
[04-May-2025 10:21:15 Europe/Berlin] Failed to send email to: mahdiabderrahmen8@gmail.com
[04-May-2025 10:21:15 Europe/Berlin] Mail error: mail(): SMTP server response: 553 We do not relay non-local mail, sorry.
[04-May-2025 10:21:15 Europe/Berlin] Attempting to get database connection
[04-May-2025 10:21:15 Europe/Berlin] PHP Warning:  mail(): SMTP server response: 553 We do not relay non-local mail, sorry. in C:\xampp\htdocs\platforme\views\frontoffice\send_invitation.php on line 108
[04-May-2025 10:21:15 Europe/Berlin] Failed to send email to: mahdiabderrahmen8@gmail.com
[04-May-2025 10:21:15 Europe/Berlin] Mail error: mail(): SMTP server response: 553 We do not relay non-local mail, sorry.
[04-May-2025 10:21:43 Europe/Berlin] Attempting to get database connection
[04-May-2025 10:21:43 Europe/Berlin] PHP Warning:  mail(): SMTP server response: 553 We do not relay non-local mail, sorry. in C:\xampp\htdocs\platforme\views\frontoffice\send_invitation.php on line 108
[04-May-2025 10:21:43 Europe/Berlin] Failed to send email to: mahdiabderrahmen8@gmail.com
[04-May-2025 10:21:43 Europe/Berlin] Mail error: mail(): SMTP server response: 553 We do not relay non-local mail, sorry.
[04-May-2025 10:21:57 Europe/Berlin] Attempting to get database connection
[04-May-2025 10:22:39 Europe/Berlin] Attempting to get database connection
[04-May-2025 10:26:58 Europe/Berlin] PHP Warning:  require_once(C:\xampp\htdocs\platforme\views\frontoffice/config/Database.php): Failed to open stream: No such file or directory in C:\xampp\htdocs\platforme\views\frontoffice\send_invitation.php on line 11
[04-May-2025 10:26:58 Europe/Berlin] PHP Fatal error:  Uncaught Error: Failed opening required 'C:\xampp\htdocs\platforme\views\frontoffice/config/Database.php' (include_path='C:\xampp\php\PEAR') in C:\xampp\htdocs\platforme\views\frontoffice\send_invitation.php:11
Stack trace:
#0 {main}
  thrown in C:\xampp\htdocs\platforme\views\frontoffice\send_invitation.php on line 11
[04-May-2025 10:26:59 Europe/Berlin] PHP Warning:  require_once(C:\xampp\htdocs\platforme\views\frontoffice/config/Database.php): Failed to open stream: No such file or directory in C:\xampp\htdocs\platforme\views\frontoffice\send_invitation.php on line 11
[04-May-2025 10:26:59 Europe/Berlin] PHP Fatal error:  Uncaught Error: Failed opening required 'C:\xampp\htdocs\platforme\views\frontoffice/config/Database.php' (include_path='C:\xampp\php\PEAR') in C:\xampp\htdocs\platforme\views\frontoffice\send_invitation.php:11
Stack trace:
#0 {main}
  thrown in C:\xampp\htdocs\platforme\views\frontoffice\send_invitation.php on line 11
[04-May-2025 10:27:09 Europe/Berlin] Attempting to get database connection
[04-May-2025 10:44:58 Europe/Berlin] Attempting to get database connection
[04-May-2025 10:44:59 Europe/Berlin] Email Error: SMTP Error: Could not authenticate.
[04-May-2025 10:44:59 Europe/Berlin] Error in send_invitation.php: Erreur lors de l'envoi de l'email: SMTP Error: Could not authenticate.
[04-May-2025 10:44:59 Europe/Berlin] Stack trace: #0 {main}
[04-May-2025 10:45:11 Europe/Berlin] Attempting to get database connection
[04-May-2025 11:04:36 Europe/Berlin] Attempting to get database connection
[04-May-2025 11:10:16 Europe/Berlin] Attempting to get database connection
[04-May-2025 11:11:38 Europe/Berlin] Attempting to get database connection
[04-May-2025 11:12:20 Europe/Berlin] Attempting to get database connection
[04-May-2025 11:12:36 Europe/Berlin] Attempting to get database connection
[04-May-2025 11:13:28 Europe/Berlin] Attempting to get database connection
[04-May-2025 11:18:50 Europe/Berlin] Attempting to get database connection
[04-May-2025 11:23:13 Europe/Berlin] Attempting to get database connection
[04-May-2025 11:31:20 Europe/Berlin] Attempting to get database connection
[04-May-2025 11:31:20 Europe/Berlin] PHP Fatal error:  Uncaught Error: Class "PHPMailer\PHPMailer\Exception" not found in C:\xampp\htdocs\platforme\views\frontoffice\send_invitation.php:88
Stack trace:
#0 {main}
  thrown in C:\xampp\htdocs\platforme\views\frontoffice\send_invitation.php on line 88
[04-May-2025 11:31:21 Europe/Berlin] Attempting to get database connection
[04-May-2025 11:31:21 Europe/Berlin] PHP Fatal error:  Uncaught Error: Class "PHPMailer\PHPMailer\Exception" not found in C:\xampp\htdocs\platforme\views\frontoffice\send_invitation.php:88
Stack trace:
#0 {main}
  thrown in C:\xampp\htdocs\platforme\views\frontoffice\send_invitation.php on line 88
[04-May-2025 11:31:21 Europe/Berlin] Attempting to get database connection
[04-May-2025 11:31:21 Europe/Berlin] PHP Fatal error:  Uncaught Error: Class "PHPMailer\PHPMailer\Exception" not found in C:\xampp\htdocs\platforme\views\frontoffice\send_invitation.php:88
Stack trace:
#0 {main}
  thrown in C:\xampp\htdocs\platforme\views\frontoffice\send_invitation.php on line 88
[04-May-2025 11:31:23 Europe/Berlin] Attempting to get database connection
[04-May-2025 11:31:23 Europe/Berlin] PHP Fatal error:  Uncaught Error: Class "PHPMailer\PHPMailer\Exception" not found in C:\xampp\htdocs\platforme\views\frontoffice\send_invitation.php:88
Stack trace:
#0 {main}
  thrown in C:\xampp\htdocs\platforme\views\frontoffice\send_invitation.php on line 88
[04-May-2025 11:32:00 Europe/Berlin] Attempting to get database connection
[04-May-2025 11:32:00 Europe/Berlin] PHP Fatal error:  Uncaught Error: Class "PHPMailer\PHPMailer\Exception" not found in C:\xampp\htdocs\platforme\views\frontoffice\send_invitation.php:88
Stack trace:
#0 {main}
  thrown in C:\xampp\htdocs\platforme\views\frontoffice\send_invitation.php on line 88
[04-May-2025 11:32:01 Europe/Berlin] Attempting to get database connection
[04-May-2025 11:32:01 Europe/Berlin] PHP Fatal error:  Uncaught Error: Class "PHPMailer\PHPMailer\Exception" not found in C:\xampp\htdocs\platforme\views\frontoffice\send_invitation.php:88
Stack trace:
#0 {main}
  thrown in C:\xampp\htdocs\platforme\views\frontoffice\send_invitation.php on line 88
[04-May-2025 11:32:19 Europe/Berlin] Attempting to get database connection
[04-May-2025 11:34:30 Europe/Berlin] Attempting to get database connection
[04-May-2025 11:35:22 Europe/Berlin] Attempting to get database connection
[04-May-2025 11:36:58 Europe/Berlin] Attempting to get database connection
[04-May-2025 12:26:33 Europe/Berlin] Attempting to get database connection
[04-May-2025 12:27:42 Europe/Berlin] Attempting to get database connection
[07-May-2025 16:42:29 Europe/Berlin] Attempting to get database connection
[07-May-2025 16:48:42 Europe/Berlin] Attempting to get database connection
[07-May-2025 16:52:20 Europe/Berlin] Attempting to get database connection
[07-May-2025 16:53:20 Europe/Berlin] Attempting to get database connection
[07-May-2025 16:55:13 Europe/Berlin] Attempting to get database connection
[07-May-2025 16:57:03 Europe/Berlin] Attempting to get database connection
[07-May-2025 17:01:46 Europe/Berlin] Attempting to get database connection
[07-May-2025 17:03:29 Europe/Berlin] Attempting to get database connection
[07-May-2025 17:05:44 Europe/Berlin] Attempting to get database connection
[07-May-2025 17:06:49 Europe/Berlin] Attempting to get database connection
[07-May-2025 17:07:21 Europe/Berlin] Attempting to get database connection
[07-May-2025 17:08:47 Europe/Berlin] Attempting to get database connection
[07-May-2025 17:09:05 Europe/Berlin] Attempting to get database connection
[07-May-2025 17:11:18 Europe/Berlin] Attempting to get database connection
[07-May-2025 17:11:47 Europe/Berlin] Attempting to get database connection
[08-May-2025 22:00:39 Europe/Berlin] Attempting to get database connection
[08-May-2025 22:00:39 Europe/Berlin] PHP Warning:  require(../../vendor/autoload.php): Failed to open stream: No such file or directory in C:\xampp\htdocs\platforme\views\frontoffice\send_invitation.php on line 108
[08-May-2025 22:00:39 Europe/Berlin] PHP Fatal error:  Uncaught Error: Failed opening required '../../vendor/autoload.php' (include_path='C:\xampp\php\PEAR') in C:\xampp\htdocs\platforme\views\frontoffice\send_invitation.php:108
Stack trace:
#0 {main}
  thrown in C:\xampp\htdocs\platforme\views\frontoffice\send_invitation.php on line 108
[08-May-2025 22:02:20 Europe/Berlin] Attempting to get database connection
[08-May-2025 22:02:20 Europe/Berlin] PHP Warning:  require(../../vendor/autoload.php): Failed to open stream: No such file or directory in C:\xampp\htdocs\platforme\views\frontoffice\send_invitation.php on line 108
[08-May-2025 22:02:20 Europe/Berlin] PHP Fatal error:  Uncaught Error: Failed opening required '../../vendor/autoload.php' (include_path='C:\xampp\php\PEAR') in C:\xampp\htdocs\platforme\views\frontoffice\send_invitation.php:108
Stack trace:
#0 {main}
  thrown in C:\xampp\htdocs\platforme\views\frontoffice\send_invitation.php on line 108
[08-May-2025 22:19:47 Europe/Berlin] Attempting to get database connection
[08-May-2025 22:19:47 Europe/Berlin] PHP Warning:  require(../../vendor/autoload.php): Failed to open stream: No such file or directory in C:\xampp\htdocs\platforme\views\frontoffice\send_invitation.php on line 108
[08-May-2025 22:19:47 Europe/Berlin] PHP Fatal error:  Uncaught Error: Failed opening required '../../vendor/autoload.php' (include_path='C:\xampp\php\PEAR') in C:\xampp\htdocs\platforme\views\frontoffice\send_invitation.php:108
Stack trace:
#0 {main}
  thrown in C:\xampp\htdocs\platforme\views\frontoffice\send_invitation.php on line 108
[08-May-2025 22:21:59 Europe/Berlin] Attempting to get database connection
[08-May-2025 22:21:59 Europe/Berlin] PHP Warning:  require(../../vendor/autoload.php): Failed to open stream: No such file or directory in C:\xampp\htdocs\platforme\views\frontoffice\send_invitation.php on line 108
[08-May-2025 22:21:59 Europe/Berlin] PHP Fatal error:  Uncaught Error: Failed opening required '../../vendor/autoload.php' (include_path='C:\xampp\php\PEAR') in C:\xampp\htdocs\platforme\views\frontoffice\send_invitation.php:108
Stack trace:
#0 {main}
  thrown in C:\xampp\htdocs\platforme\views\frontoffice\send_invitation.php on line 108
[08-May-2025 22:22:47 Europe/Berlin] Attempting to get database connection
[08-May-2025 22:22:47 Europe/Berlin] PHP Warning:  require(../../vendor/autoload.php): Failed to open stream: No such file or directory in C:\xampp\htdocs\platforme\views\frontoffice\send_invitation.php on line 108
[08-May-2025 22:22:47 Europe/Berlin] PHP Fatal error:  Uncaught Error: Failed opening required '../../vendor/autoload.php' (include_path='C:\xampp\php\PEAR') in C:\xampp\htdocs\platforme\views\frontoffice\send_invitation.php:108
Stack trace:
#0 {main}
  thrown in C:\xampp\htdocs\platforme\views\frontoffice\send_invitation.php on line 108
[08-May-2025 22:22:48 Europe/Berlin] Attempting to get database connection
[08-May-2025 22:22:48 Europe/Berlin] PHP Warning:  require(../../vendor/autoload.php): Failed to open stream: No such file or directory in C:\xampp\htdocs\platforme\views\frontoffice\send_invitation.php on line 108
[08-May-2025 22:22:48 Europe/Berlin] PHP Fatal error:  Uncaught Error: Failed opening required '../../vendor/autoload.php' (include_path='C:\xampp\php\PEAR') in C:\xampp\htdocs\platforme\views\frontoffice\send_invitation.php:108
Stack trace:
#0 {main}
  thrown in C:\xampp\htdocs\platforme\views\frontoffice\send_invitation.php on line 108
[08-May-2025 22:22:48 Europe/Berlin] Attempting to get database connection
[08-May-2025 22:22:48 Europe/Berlin] PHP Warning:  require(../../vendor/autoload.php): Failed to open stream: No such file or directory in C:\xampp\htdocs\platforme\views\frontoffice\send_invitation.php on line 108
[08-May-2025 22:22:48 Europe/Berlin] PHP Fatal error:  Uncaught Error: Failed opening required '../../vendor/autoload.php' (include_path='C:\xampp\php\PEAR') in C:\xampp\htdocs\platforme\views\frontoffice\send_invitation.php:108
Stack trace:
#0 {main}
  thrown in C:\xampp\htdocs\platforme\views\frontoffice\send_invitation.php on line 108
[08-May-2025 22:22:49 Europe/Berlin] Attempting to get database connection
[08-May-2025 22:22:49 Europe/Berlin] PHP Warning:  require(../../vendor/autoload.php): Failed to open stream: No such file or directory in C:\xampp\htdocs\platforme\views\frontoffice\send_invitation.php on line 108
[08-May-2025 22:22:49 Europe/Berlin] PHP Fatal error:  Uncaught Error: Failed opening required '../../vendor/autoload.php' (include_path='C:\xampp\php\PEAR') in C:\xampp\htdocs\platforme\views\frontoffice\send_invitation.php:108
Stack trace:
#0 {main}
  thrown in C:\xampp\htdocs\platforme\views\frontoffice\send_invitation.php on line 108
[08-May-2025 22:22:50 Europe/Berlin] Attempting to get database connection
[08-May-2025 22:22:50 Europe/Berlin] PHP Warning:  require(../../vendor/autoload.php): Failed to open stream: No such file or directory in C:\xampp\htdocs\platforme\views\frontoffice\send_invitation.php on line 108
[08-May-2025 22:22:50 Europe/Berlin] PHP Fatal error:  Uncaught Error: Failed opening required '../../vendor/autoload.php' (include_path='C:\xampp\php\PEAR') in C:\xampp\htdocs\platforme\views\frontoffice\send_invitation.php:108
Stack trace:
#0 {main}
  thrown in C:\xampp\htdocs\platforme\views\frontoffice\send_invitation.php on line 108
[08-May-2025 22:22:50 Europe/Berlin] Attempting to get database connection
[08-May-2025 22:22:50 Europe/Berlin] PHP Warning:  require(../../vendor/autoload.php): Failed to open stream: No such file or directory in C:\xampp\htdocs\platforme\views\frontoffice\send_invitation.php on line 108
[08-May-2025 22:22:50 Europe/Berlin] PHP Fatal error:  Uncaught Error: Failed opening required '../../vendor/autoload.php' (include_path='C:\xampp\php\PEAR') in C:\xampp\htdocs\platforme\views\frontoffice\send_invitation.php:108
Stack trace:
#0 {main}
  thrown in C:\xampp\htdocs\platforme\views\frontoffice\send_invitation.php on line 108
[08-May-2025 22:22:50 Europe/Berlin] Attempting to get database connection
[08-May-2025 22:22:50 Europe/Berlin] PHP Warning:  require(../../vendor/autoload.php): Failed to open stream: No such file or directory in C:\xampp\htdocs\platforme\views\frontoffice\send_invitation.php on line 108
[08-May-2025 22:22:50 Europe/Berlin] PHP Fatal error:  Uncaught Error: Failed opening required '../../vendor/autoload.php' (include_path='C:\xampp\php\PEAR') in C:\xampp\htdocs\platforme\views\frontoffice\send_invitation.php:108
Stack trace:
#0 {main}
  thrown in C:\xampp\htdocs\platforme\views\frontoffice\send_invitation.php on line 108
[08-May-2025 22:22:51 Europe/Berlin] Attempting to get database connection
[08-May-2025 22:22:51 Europe/Berlin] PHP Warning:  require(../../vendor/autoload.php): Failed to open stream: No such file or directory in C:\xampp\htdocs\platforme\views\frontoffice\send_invitation.php on line 108
[08-May-2025 22:22:51 Europe/Berlin] PHP Fatal error:  Uncaught Error: Failed opening required '../../vendor/autoload.php' (include_path='C:\xampp\php\PEAR') in C:\xampp\htdocs\platforme\views\frontoffice\send_invitation.php:108
Stack trace:
#0 {main}
  thrown in C:\xampp\htdocs\platforme\views\frontoffice\send_invitation.php on line 108
[08-May-2025 22:22:51 Europe/Berlin] Attempting to get database connection
[08-May-2025 22:22:51 Europe/Berlin] PHP Warning:  require(../../vendor/autoload.php): Failed to open stream: No such file or directory in C:\xampp\htdocs\platforme\views\frontoffice\send_invitation.php on line 108
[08-May-2025 22:22:51 Europe/Berlin] PHP Fatal error:  Uncaught Error: Failed opening required '../../vendor/autoload.php' (include_path='C:\xampp\php\PEAR') in C:\xampp\htdocs\platforme\views\frontoffice\send_invitation.php:108
Stack trace:
#0 {main}
  thrown in C:\xampp\htdocs\platforme\views\frontoffice\send_invitation.php on line 108
[08-May-2025 22:48:51 Europe/Berlin] PHP Warning:  require(../../vendor/autoload.php): Failed to open stream: No such file or directory in C:\xampp\htdocs\platforme\views\frontoffice\send_invitation.php on line 113
[08-May-2025 22:48:51 Europe/Berlin] PHP Fatal error:  Uncaught Error: Failed opening required '../../vendor/autoload.php' (include_path='C:\xampp\php\PEAR') in C:\xampp\htdocs\platforme\views\frontoffice\send_invitation.php:113
Stack trace:
#0 {main}
  thrown in C:\xampp\htdocs\platforme\views\frontoffice\send_invitation.php on line 113
[08-May-2025 22:51:34 Europe/Berlin] PHP Warning:  require(../../vendor/autoload.php): Failed to open stream: No such file or directory in C:\xampp\htdocs\platforme\views\frontoffice\send_invitation.php on line 110
[08-May-2025 22:51:34 Europe/Berlin] PHP Fatal error:  Uncaught Error: Failed opening required '../../vendor/autoload.php' (include_path='C:\xampp\php\PEAR') in C:\xampp\htdocs\platforme\views\frontoffice\send_invitation.php:110
Stack trace:
#0 {main}
  thrown in C:\xampp\htdocs\platforme\views\frontoffice\send_invitation.php on line 110
[08-May-2025 22:51:47 Europe/Berlin] PHP Warning:  require(../../vendor/autoload.php): Failed to open stream: No such file or directory in C:\xampp\htdocs\platforme\views\frontoffice\send_invitation.php on line 110
[08-May-2025 22:51:47 Europe/Berlin] PHP Fatal error:  Uncaught Error: Failed opening required '../../vendor/autoload.php' (include_path='C:\xampp\php\PEAR') in C:\xampp\htdocs\platforme\views\frontoffice\send_invitation.php:110
Stack trace:
#0 {main}
  thrown in C:\xampp\htdocs\platforme\views\frontoffice\send_invitation.php on line 110
[08-May-2025 22:52:41 Europe/Berlin] PHP Warning:  require(../../vendor/autoload.php): Failed to open stream: No such file or directory in C:\xampp\htdocs\platforme\views\frontoffice\send_invitation.php on line 110
[08-May-2025 22:52:41 Europe/Berlin] PHP Fatal error:  Uncaught Error: Failed opening required '../../vendor/autoload.php' (include_path='C:\xampp\php\PEAR') in C:\xampp\htdocs\platforme\views\frontoffice\send_invitation.php:110
Stack trace:
#0 {main}
  thrown in C:\xampp\htdocs\platforme\views\frontoffice\send_invitation.php on line 110
[08-May-2025 22:55:51 Europe/Berlin] PHP Warning:  require(../../vendor/autoload.php): Failed to open stream: No such file or directory in C:\xampp\htdocs\platforme\views\frontoffice\send_invitation.php on line 113
[08-May-2025 22:55:51 Europe/Berlin] PHP Fatal error:  Uncaught Error: Failed opening required '../../vendor/autoload.php' (include_path='C:\xampp\php\PEAR') in C:\xampp\htdocs\platforme\views\frontoffice\send_invitation.php:113
Stack trace:
#0 {main}
  thrown in C:\xampp\htdocs\platforme\views\frontoffice\send_invitation.php on line 113
[08-May-2025 23:14:52 Europe/Berlin] PHP Warning:  require(../../vendor/autoload.php): Failed to open stream: No such file or directory in C:\xampp\htdocs\platforme\views\frontoffice\send_invitation.php on line 113
[08-May-2025 23:14:52 Europe/Berlin] PHP Fatal error:  Uncaught Error: Failed opening required '../../vendor/autoload.php' (include_path='C:\xampp\php\PEAR') in C:\xampp\htdocs\platforme\views\frontoffice\send_invitation.php:113
Stack trace:
#0 {main}
  thrown in C:\xampp\htdocs\platforme\views\frontoffice\send_invitation.php on line 113
[08-May-2025 23:19:52 Europe/Berlin] PHP Warning:  require(../../vendor/autoload.php): Failed to open stream: No such file or directory in C:\xampp\htdocs\platforme\views\frontoffice\send_invitation.php on line 113
[08-May-2025 23:19:52 Europe/Berlin] PHP Fatal error:  Uncaught Error: Failed opening required '../../vendor/autoload.php' (include_path='C:\xampp\php\PEAR') in C:\xampp\htdocs\platforme\views\frontoffice\send_invitation.php:113
Stack trace:
#0 {main}
  thrown in C:\xampp\htdocs\platforme\views\frontoffice\send_invitation.php on line 113
[08-May-2025 23:21:02 Europe/Berlin] PHP Warning:  require(../../vendor/autoload.php): Failed to open stream: No such file or directory in C:\xampp\htdocs\platforme\views\frontoffice\send_invitation.php on line 113
[08-May-2025 23:21:02 Europe/Berlin] PHP Fatal error:  Uncaught Error: Failed opening required '../../vendor/autoload.php' (include_path='C:\xampp\php\PEAR') in C:\xampp\htdocs\platforme\views\frontoffice\send_invitation.php:113
Stack trace:
#0 {main}
  thrown in C:\xampp\htdocs\platforme\views\frontoffice\send_invitation.php on line 113
[08-May-2025 23:29:31 Europe/Berlin] PHP Warning:  require(../../vendor/autoload.php): Failed to open stream: No such file or directory in C:\xampp\htdocs\platforme\views\frontoffice\send_invitation.php on line 121
[08-May-2025 23:29:31 Europe/Berlin] PHP Fatal error:  Uncaught Error: Failed opening required '../../vendor/autoload.php' (include_path='C:\xampp\php\PEAR') in C:\xampp\htdocs\platforme\views\frontoffice\send_invitation.php:121
Stack trace:
#0 {main}
  thrown in C:\xampp\htdocs\platforme\views\frontoffice\send_invitation.php on line 121
[08-May-2025 23:34:58 Europe/Berlin] PHP Warning:  require(../../vendor/autoload.php): Failed to open stream: No such file or directory in C:\xampp\htdocs\platforme\views\frontoffice\send_invitation.php on line 121
[08-May-2025 23:34:58 Europe/Berlin] PHP Fatal error:  Uncaught Error: Failed opening required '../../vendor/autoload.php' (include_path='C:\xampp\php\PEAR') in C:\xampp\htdocs\platforme\views\frontoffice\send_invitation.php:121
Stack trace:
#0 {main}
  thrown in C:\xampp\htdocs\platforme\views\frontoffice\send_invitation.php on line 121
[08-May-2025 23:35:47 Europe/Berlin] PHP Warning:  require(../../vendor/autoload.php): Failed to open stream: No such file or directory in C:\xampp\htdocs\platforme\views\frontoffice\send_invitation.php on line 121
[08-May-2025 23:35:47 Europe/Berlin] PHP Fatal error:  Uncaught Error: Failed opening required '../../vendor/autoload.php' (include_path='C:\xampp\php\PEAR') in C:\xampp\htdocs\platforme\views\frontoffice\send_invitation.php:121
Stack trace:
#0 {main}
  thrown in C:\xampp\htdocs\platforme\views\frontoffice\send_invitation.php on line 121
[08-May-2025 23:37:45 Europe/Berlin] PHP Warning:  require(../../vendor/autoload.php): Failed to open stream: No such file or directory in C:\xampp\htdocs\platforme\views\frontoffice\send_invitation.php on line 121
[08-May-2025 23:37:45 Europe/Berlin] PHP Fatal error:  Uncaught Error: Failed opening required '../../vendor/autoload.php' (include_path='C:\xampp\php\PEAR') in C:\xampp\htdocs\platforme\views\frontoffice\send_invitation.php:121
Stack trace:
#0 {main}
  thrown in C:\xampp\htdocs\platforme\views\frontoffice\send_invitation.php on line 121
[08-May-2025 23:38:06 Europe/Berlin] PHP Warning:  require(../../vendor/autoload.php): Failed to open stream: No such file or directory in C:\xampp\htdocs\platforme\views\frontoffice\send_invitation.php on line 121
[08-May-2025 23:38:06 Europe/Berlin] PHP Fatal error:  Uncaught Error: Failed opening required '../../vendor/autoload.php' (include_path='C:\xampp\php\PEAR') in C:\xampp\htdocs\platforme\views\frontoffice\send_invitation.php:121
Stack trace:
#0 {main}
  thrown in C:\xampp\htdocs\platforme\views\frontoffice\send_invitation.php on line 121
[08-May-2025 23:39:52 Europe/Berlin] Attempting to get database connection
[08-May-2025 23:39:52 Europe/Berlin] PHP Warning:  require(../../vendor/autoload.php): Failed to open stream: No such file or directory in C:\xampp\htdocs\platforme\views\frontoffice\send_invitation.php on line 108
[08-May-2025 23:39:52 Europe/Berlin] PHP Fatal error:  Uncaught Error: Failed opening required '../../vendor/autoload.php' (include_path='C:\xampp\php\PEAR') in C:\xampp\htdocs\platforme\views\frontoffice\send_invitation.php:108
Stack trace:
#0 {main}
  thrown in C:\xampp\htdocs\platforme\views\frontoffice\send_invitation.php on line 108
[08-May-2025 23:40:05 Europe/Berlin] Attempting to get database connection
[08-May-2025 23:40:05 Europe/Berlin] PHP Warning:  require(../../vendor/autoload.php): Failed to open stream: No such file or directory in C:\xampp\htdocs\platforme\views\frontoffice\send_invitation.php on line 108
[08-May-2025 23:40:05 Europe/Berlin] PHP Fatal error:  Uncaught Error: Failed opening required '../../vendor/autoload.php' (include_path='C:\xampp\php\PEAR') in C:\xampp\htdocs\platforme\views\frontoffice\send_invitation.php:108
Stack trace:
#0 {main}
  thrown in C:\xampp\htdocs\platforme\views\frontoffice\send_invitation.php on line 108
[08-May-2025 23:40:42 Europe/Berlin] Attempting to get database connection
[08-May-2025 23:40:42 Europe/Berlin] PHP Warning:  require(../vendor/autoload.php): Failed to open stream: No such file or directory in C:\xampp\htdocs\platforme\views\frontoffice\send_invitation.php on line 108
[08-May-2025 23:40:42 Europe/Berlin] PHP Fatal error:  Uncaught Error: Failed opening required '../vendor/autoload.php' (include_path='C:\xampp\php\PEAR') in C:\xampp\htdocs\platforme\views\frontoffice\send_invitation.php:108
Stack trace:
#0 {main}
  thrown in C:\xampp\htdocs\platforme\views\frontoffice\send_invitation.php on line 108
[08-May-2025 23:41:39 Europe/Berlin] Attempting to get database connection
[08-May-2025 23:41:39 Europe/Berlin] PHP Warning:  require(C:\xampp\htdocs\platforme\views\frontoffice/../../vendor/autoload.php): Failed to open stream: No such file or directory in C:\xampp\htdocs\platforme\views\frontoffice\send_invitation.php on line 108
[08-May-2025 23:41:39 Europe/Berlin] PHP Fatal error:  Uncaught Error: Failed opening required 'C:\xampp\htdocs\platforme\views\frontoffice/../../vendor/autoload.php' (include_path='C:\xampp\php\PEAR') in C:\xampp\htdocs\platforme\views\frontoffice\send_invitation.php:108
Stack trace:
#0 {main}
  thrown in C:\xampp\htdocs\platforme\views\frontoffice\send_invitation.php on line 108
[08-May-2025 23:43:55 Europe/Berlin] PHP Warning:  require(C:\xampp\htdocs\platforme\views\frontoffice/../createProject/vendor/autoload.php): Failed to open stream: No such file or directory in C:\xampp\htdocs\platforme\views\frontoffice\send_invitation.php on line 121
[08-May-2025 23:43:55 Europe/Berlin] PHP Fatal error:  Uncaught Error: Failed opening required 'C:\xampp\htdocs\platforme\views\frontoffice/../createProject/vendor/autoload.php' (include_path='C:\xampp\php\PEAR') in C:\xampp\htdocs\platforme\views\frontoffice\send_invitation.php:121
Stack trace:
#0 {main}
  thrown in C:\xampp\htdocs\platforme\views\frontoffice\send_invitation.php on line 121
[08-May-2025 23:45:53 Europe/Berlin] PHP Warning:  require(C:\xampp\htdocs\platforme\views\frontoffice/../createProject/vendor/autoload.php): Failed to open stream: No such file or directory in C:\xampp\htdocs\platforme\views\frontoffice\send_invitation.php on line 127
[08-May-2025 23:45:53 Europe/Berlin] PHP Fatal error:  Uncaught Error: Failed opening required 'C:\xampp\htdocs\platforme\views\frontoffice/../createProject/vendor/autoload.php' (include_path='C:\xampp\php\PEAR') in C:\xampp\htdocs\platforme\views\frontoffice\send_invitation.php:127
Stack trace:
#0 {main}
  thrown in C:\xampp\htdocs\platforme\views\frontoffice\send_invitation.php on line 127
[08-May-2025 23:52:24 Europe/Berlin] PHP Warning:  require(C:\xampp\htdocs\platforme\views\frontoffice/../createProject/vendor/autoload.php): Failed to open stream: No such file or directory in C:\xampp\htdocs\platforme\views\frontoffice\send_invitation.php on line 127
[08-May-2025 23:52:24 Europe/Berlin] PHP Fatal error:  Uncaught Error: Failed opening required 'C:\xampp\htdocs\platforme\views\frontoffice/../createProject/vendor/autoload.php' (include_path='C:\xampp\php\PEAR') in C:\xampp\htdocs\platforme\views\frontoffice\send_invitation.php:127
Stack trace:
#0 {main}
  thrown in C:\xampp\htdocs\platforme\views\frontoffice\send_invitation.php on line 127
[08-May-2025 23:52:28 Europe/Berlin] PHP Warning:  require(C:\xampp\htdocs\platforme\views\frontoffice/../createProject/vendor/autoload.php): Failed to open stream: No such file or directory in C:\xampp\htdocs\platforme\views\frontoffice\send_invitation.php on line 127
[08-May-2025 23:52:28 Europe/Berlin] PHP Fatal error:  Uncaught Error: Failed opening required 'C:\xampp\htdocs\platforme\views\frontoffice/../createProject/vendor/autoload.php' (include_path='C:\xampp\php\PEAR') in C:\xampp\htdocs\platforme\views\frontoffice\send_invitation.php:127
Stack trace:
#0 {main}
  thrown in C:\xampp\htdocs\platforme\views\frontoffice\send_invitation.php on line 127
[09-May-2025 00:26:58 Europe/Berlin] Attempting to get database connection
[09-May-2025 00:27:01 Europe/Berlin] Attempting to get database connection
[09-May-2025 00:27:37 Europe/Berlin] Attempting to get database connection
[09-May-2025 00:30:56 Europe/Berlin] Attempting to get database connection
[09-May-2025 02:37:29 Europe/Berlin] Attempting to get database connection
[09-May-2025 13:37:08 Europe/Berlin] Attempting to get database connection
[09-May-2025 13:37:11 Europe/Berlin] Attempting to get database connection
[09-May-2025 13:37:14 Europe/Berlin] Attempting to get database connection
[09-May-2025 15:09:42 Europe/Berlin] Attempting to get database connection
[09-May-2025 19:09:32 Europe/Berlin] Attempting to get database connection
